<?xml version="1.0" encoding="UTF-8" ?>
<testsuite failures="0" time="0.004" errors="0" skipped="0" tests="1" name="com.mkyong.common.AppTest">
  <properties>
    <property name="java.runtime.name" value="Java(TM) SE Runtime Environment"/>
    <property name="sun.boot.library.path" value="F:\JAVAHOME\jre\bin"/>
    <property name="java.vm.version" value="24.79-b02"/>
    <property name="java.vm.vendor" value="Oracle Corporation"/>
    <property name="java.vendor.url" value="http://java.oracle.com/"/>
    <property name="path.separator" value=";"/>
    <property name="guice.disable.misplaced.annotation.check" value="true"/>
    <property name="java.vm.name" value="Java HotSpot(TM) Client VM"/>
    <property name="file.encoding.pkg" value="sun.io"/>
    <property name="user.script" value=""/>
    <property name="user.country" value="IN"/>
    <property name="sun.java.launcher" value="SUN_STANDARD"/>
    <property name="sun.os.patch.level" value=""/>
    <property name="java.vm.specification.name" value="Java Virtual Machine Specification"/>
    <property name="user.dir" value="G:\javaj2ee\HibernateExample"/>
    <property name="java.runtime.version" value="1.7.0_79-b15"/>
    <property name="java.awt.graphicsenv" value="sun.awt.Win32GraphicsEnvironment"/>
    <property name="java.endorsed.dirs" value="F:\JAVAHOME\jre\lib\endorsed"/>
    <property name="os.arch" value="x86"/>
    <property name="java.io.tmpdir" value="C:\Users\Afshan\AppData\Local\Temp\"/>
    <property name="line.separator" value="
"/>
    <property name="java.vm.specification.vendor" value="Oracle Corporation"/>
    <property name="user.variant" value=""/>
    <property name="os.name" value="Windows 8.1"/>
    <property name="classworlds.conf" value="G:\javaj2ee\.metadata\.plugins\org.eclipse.m2e.launching\launches\m2conf1448764259337193401.tmp"/>
    <property name="sun.jnu.encoding" value="Cp1252"/>
    <property name="java.library.path" value="F:\JAVAHOME\bin;C:\WINDOWS\Sun\Java\bin;C:\WINDOWS\system32;C:\WINDOWS;G:/eclipse-jee-luna-SR1a-win32/eclipse/jre/bin/client;G:/eclipse-jee-luna-SR1a-win32/eclipse/jre/bin;G:/eclipse-jee-luna-SR1a-win32/eclipse/jre/lib/i386;C:\oraclexe\app\oracle\product\11.2.0\server\bin;C:\Program Files (x86)\Intel\iCLS Client\;C:\Program Files\Intel\iCLS Client\;C:\WINDOWS\system32;C:\WINDOWS;C:\WINDOWS\System32\Wbem;C:\WINDOWS\System32\WindowsPowerShell\v1.0\;C:\Program Files (x86)\Intel\Intel(R) Management Engine Components\DAL;C:\Program Files\Intel\Intel(R) Management Engine Components\DAL;C:\Program Files (x86)\Intel\Intel(R) Management Engine Components\IPT;C:\Program Files\Intel\Intel(R) Management Engine Components\IPT;C:\Program Files (x86)\nodejs\;C:\Program Files (x86)\Skype\Phone\;%JAVA_HOME\bin%;G:\apache-maven-3.2.5\bin;G:\apache-maven-3.2.5\bin;%JRE_HOME%\bin;C:\Users\Afshan\AppData\Roaming\npm;G:\blogjs-master\blogjs-master\node_modules\.bin;;G:\eclipse-jee-luna-SR1a-win32\eclipse;;."/>
    <property name="java.specification.name" value="Java Platform API Specification"/>
    <property name="java.class.version" value="51.0"/>
    <property name="sun.management.compiler" value="HotSpot Client Compiler"/>
    <property name="os.version" value="6.3"/>
    <property name="user.home" value="C:\Users\Afshan"/>
    <property name="user.timezone" value="Asia/Calcutta"/>
    <property name="java.awt.printerjob" value="sun.awt.windows.WPrinterJob"/>
    <property name="java.specification.version" value="1.7"/>
    <property name="file.encoding" value="Cp1252"/>
    <property name="user.name" value="Afshan"/>
    <property name="java.class.path" value="/G:/eclipse-jee-luna-SR1a-win32/eclipse/plugins/org.eclipse.m2e.maven.runtime_1.5.0.20140605-2032/jars/plexus-classworlds-2.5.1.jar"/>
    <property name="org.slf4j.simpleLogger.defaultLogLevel" value="info"/>
    <property name="java.vm.specification.version" value="1.7"/>
    <property name="sun.arch.data.model" value="32"/>
    <property name="java.home" value="F:\JAVAHOME\jre"/>
    <property name="sun.java.command" value="org.codehaus.plexus.classworlds.launcher.Launcher -B -s G:\apache-maven-3.2.5\conf\settings.xml install"/>
    <property name="java.specification.vendor" value="Oracle Corporation"/>
    <property name="user.language" value="en"/>
    <property name="awt.toolkit" value="sun.awt.windows.WToolkit"/>
    <property name="java.vm.info" value="mixed mode, sharing"/>
    <property name="java.version" value="1.7.0_79"/>
    <property name="java.ext.dirs" value="F:\JAVAHOME\jre\lib\ext;C:\WINDOWS\Sun\Java\lib\ext"/>
    <property name="sun.boot.class.path" value="F:\JAVAHOME\jre\lib\resources.jar;F:\JAVAHOME\jre\lib\rt.jar;F:\JAVAHOME\jre\lib\sunrsasign.jar;F:\JAVAHOME\jre\lib\jsse.jar;F:\JAVAHOME\jre\lib\jce.jar;F:\JAVAHOME\jre\lib\charsets.jar;F:\JAVAHOME\jre\lib\jfr.jar;F:\JAVAHOME\jre\classes"/>
    <property name="java.vendor" value="Oracle Corporation"/>
    <property name="maven.home" value="G:\javaj2ee\HibernateExample\EMBEDDED"/>
    <property name="file.separator" value="\"/>
    <property name="java.vendor.url.bug" value="http://bugreport.sun.com/bugreport/"/>
    <property name="sun.cpu.endian" value="little"/>
    <property name="sun.io.unicode.encoding" value="UnicodeLittle"/>
    <property name="sun.desktop" value="windows"/>
    <property name="sun.cpu.isalist" value="pentium_pro+mmx pentium_pro pentium+mmx pentium i486 i386 i86"/>
  </properties>
  <testcase time="0.004" classname="com.mkyong.common.AppTest" name="testApp"/>
</testsuite>